Arguments: 
  C:\Program Files\nodejs\node.exe C:\Users\Ademola\AppData\Roaming\npm\node_modules\yarn\bin\yarn.js

PATH: 
  ;C:\WINDOWS\system32;C:\WINDOWS;C:\WINDOWS\System32\Wbem;C:\WINDOWS\System32\WindowsPowerShell\v1.0\;C:\WINDOWS\System32\OpenSSH\;C:\Program Files\Git\cmd;C:\Program Files\Microsoft SQL Server\Client SDK\ODBC\170\Tools\Binn\;C:\Program Files (x86)\Microsoft SQL Server\150\Tools\Binn\;C:\Program Files\Microsoft SQL Server\150\Tools\Binn\;C:\Program Files\Microsoft SQL Server\150\DTS\Binn\;C:\Program Files\PuTTY\;C:\Program Files\nodejs\;C:\Ruby30-x64\bin;C:\Users\Ademola\AppData\Local\Programs\Python\Python39\Scripts\;C:\Users\Ademola\AppData\Local\Programs\Python\Python39\;C:\Users\Ademola\AppData\Local\Microsoft\WindowsApps;C:\Program Files\heroku\bin;C:\Users\Ademola\AppData\Local\Programs\Microsoft VS Code\bin;C:\Users\Ademola\AppData\Roaming\npm

Yarn version: 
  1.22.17

Node version: 
  16.15.1

Platform: 
  win32 x64

Trace: 
  Error: https://registry.yarnpkg.com/date-fns/-/date-fns-2.29.3.tgz: ESOCKETTIMEDOUT
      at ClientRequest.<anonymous> (C:\Users\Ademola\AppData\Roaming\npm\node_modules\yarn\lib\cli.js:141510:19)
      at Object.onceWrapper (node:events:641:28)
      at ClientRequest.emit (node:events:527:28)
      at TLSSocket.emitRequestTimeout (node:_http_client:771:9)
      at Object.onceWrapper (node:events:641:28)
      at TLSSocket.emit (node:events:539:35)
      at TLSSocket.Socket._onTimeout (node:net:516:8)
      at listOnTimeout (node:internal/timers:559:17)
      at processTimers (node:internal/timers:502:7)

npm manifest: 
  {
    "name": "asset-app",
    "version": "1.0.0",
    "main": "node_modules/expo/AppEntry.js",
    "scripts": {
      "start": "expo start",
      "android": "expo start --android",
      "ios": "expo start --ios",
      "web": "expo start --web",
      "lint": "eslint ./src/**/*.{js,jsx} App.js --no-error-on-unmatched-pattern"
    },
    "dependencies": {
      "@expo/webpack-config": "^0.17.0",
      "@react-native-community/masked-view": "^0.1.11",
      "@react-native-firebase/app": "~15.4.0",
      "@react-navigation/native": "^6.0.13",
      "@react-navigation/native-stack": "^6.9.1",
      "@tanstack/react-query": "^4.13.0",
      "d3-scale": "^4.0.2",
      "d3-shape": "^3.1.0",
      "date-fns": "^2.29.3",
      "deprecated-react-native-prop-types": "^2.3.0",
      "dotenv": "^16.0.3",
      "expo": "~46.0.16",
      "expo-constants": "~13.2.4",
      "expo-status-bar": "~1.4.0",
      "firebase": "^9.13.0",
      "formik": "^2.2.9",
      "react": "18.0.0",
      "react-dom": "18.0.0",
      "react-native": "0.69.6",
      "react-native-gesture-handler": "~2.5.0",
      "react-native-reanimated": "~2.9.1",
      "react-native-safe-area-context": "4.3.1",
      "react-native-screens": "~3.15.0",
      "react-native-svg": "12.3.0",
      "react-native-svg-charts": "^5.4.0",
      "react-native-web": "~0.18.7",
      "yup": "^0.32.11"
    },
    "devDependencies": {
      "@babel/core": "^7.12.9",
      "@babel/eslint-parser": "^7.19.1",
      "eslint": "^8.26.0",
      "eslint-plugin-jest": "^27.1.3",
      "eslint-plugin-react": "^7.31.10",
      "eslint-plugin-react-native": "^4.0.0"
    },
    "private": true
  }

yarn manifest: 
  No manifest

Lockfile: 
  No lockfile
